<?xml version="1.0" encoding="UTF-8"?>
<!-- Generated by org.testng.reporters.JUnitXMLReporter -->
<testsuite ignored="0" hostname="DESKTOP-355R97V" failures="0" tests="3" name="Test" time="27.405" errors="0" timestamp="2024-01-22T16:39:39 IST">
  <testcase classname="Com.TestLayer.LoginPageTest" name="validiateLoginPageFunctionality" time="2.879"/>
  <testcase classname="Com.TestLayer.PimPageTest" name="validiatePimPageFunctionality" time="1.991"/>
  <testcase classname="Com.TestLayer.AddEmpPageTest" name="validiateaddEmployeePageFunctionality" time="3.159"/>
</testsuite> <!-- Test -->
