<?xml version="1.0" encoding="UTF-8"?>
<testng-results ignored="0" total="2" passed="2" failed="0" skipped="0">
  <reporter-output>
  </reporter-output>
  <suite started-at="2024-01-22T15:40:17 IST" name="Suite" finished-at="2024-01-22T15:40:35 IST" duration-ms="17261">
    <groups>
    </groups>
    <test started-at="2024-01-22T15:40:17 IST" name="Test" finished-at="2024-01-22T15:40:35 IST" duration-ms="17261">
      <class name="Com.TestLayer.LoginPageTest">
        <test-method is-config="true" signature="setUp()[pri:0, instance:Com.TestLayer.LoginPageTest@2d52216b]" started-at="2024-01-22T15:40:17 IST" name="setUp" finished-at="2024-01-22T15:40:30 IST" duration-ms="12479" status="PASS">
          <reporter-output>
          </reporter-output>
        </test-method> <!-- setUp -->
        <test-method signature="validiateLoginPageFunctionality()[pri:0, instance:Com.TestLayer.LoginPageTest@2d52216b]" started-at="2024-01-22T15:40:30 IST" name="validiateLoginPageFunctionality" finished-at="2024-01-22T15:40:31 IST" duration-ms="1451" status="PASS">
          <reporter-output>
          </reporter-output>
        </test-method> <!-- validiateLoginPageFunctionality -->
      </class> <!-- Com.TestLayer.LoginPageTest -->
      <class name="Com.TestLayer.PimPageTest">
        <test-method signature="validiatePimPageFunctionality()[pri:0, instance:Com.TestLayer.PimPageTest@60bd273d]" started-at="2024-01-22T15:40:32 IST" name="validiatePimPageFunctionality" finished-at="2024-01-22T15:40:35 IST" duration-ms="3195" status="PASS">
          <reporter-output>
          </reporter-output>
        </test-method> <!-- validiatePimPageFunctionality -->
      </class> <!-- Com.TestLayer.PimPageTest -->
    </test> <!-- Test -->
  </suite> <!-- Suite -->
</testng-results>
