<?xml version="1.0" encoding="UTF-8"?>
<testng-results ignored="0" total="3" passed="3" failed="0" skipped="0">
  <reporter-output>
  </reporter-output>
  <suite started-at="2024-01-22T16:39:11 IST" name="Suite" finished-at="2024-01-22T16:39:38 IST" duration-ms="27405">
    <groups>
    </groups>
    <test started-at="2024-01-22T16:39:11 IST" name="Test" finished-at="2024-01-22T16:39:38 IST" duration-ms="27405">
      <class name="Com.TestLayer.LoginPageTest">
        <test-method is-config="true" signature="setUp()[pri:0, instance:Com.TestLayer.LoginPageTest@73e9cf30]" started-at="2024-01-22T16:39:11 IST" name="setUp" finished-at="2024-01-22T16:39:30 IST" duration-ms="19281" status="PASS">
          <reporter-output>
          </reporter-output>
        </test-method> <!-- setUp -->
        <test-method signature="validiateLoginPageFunctionality()[pri:0, instance:Com.TestLayer.LoginPageTest@73e9cf30]" started-at="2024-01-22T16:39:30 IST" name="validiateLoginPageFunctionality" finished-at="2024-01-22T16:39:33 IST" duration-ms="2879" status="PASS">
          <reporter-output>
          </reporter-output>
        </test-method> <!-- validiateLoginPageFunctionality -->
      </class> <!-- Com.TestLayer.LoginPageTest -->
      <class name="Com.TestLayer.PimPageTest">
        <test-method signature="validiatePimPageFunctionality()[pri:0, instance:Com.TestLayer.PimPageTest@534a5a98]" started-at="2024-01-22T16:39:33 IST" name="validiatePimPageFunctionality" finished-at="2024-01-22T16:39:35 IST" duration-ms="1991" status="PASS">
          <reporter-output>
          </reporter-output>
        </test-method> <!-- validiatePimPageFunctionality -->
      </class> <!-- Com.TestLayer.PimPageTest -->
      <class name="Com.TestLayer.AddEmpPageTest">
        <test-method signature="validiateaddEmployeePageFunctionality()[pri:0, instance:Com.TestLayer.AddEmpPageTest@4f80542f]" started-at="2024-01-22T16:39:35 IST" name="validiateaddEmployeePageFunctionality" finished-at="2024-01-22T16:39:38 IST" duration-ms="3159" status="PASS">
          <reporter-output>
          </reporter-output>
        </test-method> <!-- validiateaddEmployeePageFunctionality -->
      </class> <!-- Com.TestLayer.AddEmpPageTest -->
    </test> <!-- Test -->
  </suite> <!-- Suite -->
</testng-results>
